{"/Users/user/Documents/IT/PettersonApps/Test projects/Front Row Labs LLC/backend/src/index.ts": {"path":"/Users/user/Documents/IT/PettersonApps/Test projects/Front Row Labs LLC/backend/src/index.ts","statementMap":{"0":{"start":{"line":1,"column":0},"end":{"line":1,"column":76}},"1":{"start":{"line":2,"column":0},"end":{"line":2,"column":37}},"2":{"start":{"line":3,"column":0},"end":{"line":3,"column":24}},"3":{"start":{"line":4,"column":0},"end":{"line":4,"column":44}},"4":{"start":{"line":5,"column":0},"end":{"line":5,"column":45}},"5":{"start":{"line":6,"column":0},"end":{"line":6,"column":46}},"6":{"start":{"line":8,"column":21},"end":{"line":8,"column":30}},"7":{"start":{"line":9,"column":13},"end":{"line":9,"column":41}},"8":{"start":{"line":10,"column":13},"end":{"line":10,"column":17}},"9":{"start":{"line":12,"column":0},"end":{"line":14,"column":3}},"10":{"start":{"line":13,"column":2},"end":{"line":13,"column":9}},"11":{"start":{"line":15,"column":0},"end":{"line":15,"column":51}},"12":{"start":{"line":17,"column":0},"end":{"line":17,"column":27}},"13":{"start":{"line":18,"column":0},"end":{"line":18,"column":34}},"14":{"start":{"line":19,"column":0},"end":{"line":19,"column":35}},"15":{"start":{"line":21,"column":0},"end":{"line":27,"column":3}},"16":{"start":{"line":22,"column":2},"end":{"line":26,"column":5}},"17":{"start":{"line":29,"column":0},"end":{"line":35,"column":3}},"18":{"start":{"line":30,"column":2},"end":{"line":34,"column":5}},"19":{"start":{"line":37,"column":0},"end":{"line":39,"column":3}},"20":{"start":{"line":38,"column":2},"end":{"line":38,"column":51}},"21":{"start":{"line":41,"column":0},"end":{"line":41,"column":19}}},"fnMap":{"0":{"name":"(anonymous_1)","decl":{"start":{"line":12,"column":16},"end":{"line":12,"column":17}},"loc":{"start":{"line":12,"column":37},"end":{"line":14,"column":1}}},"1":{"name":"(anonymous_2)","decl":{"start":{"line":21,"column":8},"end":{"line":21,"column":9}},"loc":{"start":{"line":21,"column":22},"end":{"line":27,"column":1}}},"2":{"name":"(anonymous_3)","decl":{"start":{"line":29,"column":8},"end":{"line":29,"column":9}},"loc":{"start":{"line":29,"column":74},"end":{"line":35,"column":1}}},"3":{"name":"(anonymous_4)","decl":{"start":{"line":37,"column":17},"end":{"line":37,"column":20}},"loc":{"start":{"line":37,"column":22},"end":{"line":39,"column":1}}}},"branchMap":{"0":{"loc":{"start":{"line":33,"column":13},"end":{"line":33,"column":76}},"type":"binary-expr","locations":[{"start":{"line":33,"column":13},"end":{"line":33,"column":24}},{"start":{"line":33,"column":28},"end":{"line":33,"column":76}}]}},"s":{"0":1,"1":1,"2":1,"3":1,"4":1,"5":1,"6":1,"7":1,"8":1,"9":1,"10":0,"11":1,"12":1,"13":1,"14":1,"15":1,"16":1,"17":1,"18":0,"19":1,"20":1,"21":1},"f":{"0":0,"1":1,"2":0,"3":1},"b":{"0":[0,0]}}
,"/Users/user/Documents/IT/PettersonApps/Test projects/Front Row Labs LLC/backend/src/routes/authors/index.ts": {"path":"/Users/user/Documents/IT/PettersonApps/Test projects/Front Row Labs LLC/backend/src/routes/authors/index.ts","statementMap":{"0":{"start":{"line":1,"column":0},"end":{"line":1,"column":52}},"1":{"start":{"line":2,"column":0},"end":{"line":2,"column":37}},"2":{"start":{"line":4,"column":22},"end":{"line":4,"column":30}},"3":{"start":{"line":7,"column":0},"end":{"line":14,"column":3}},"4":{"start":{"line":7,"column":62},"end":{"line":14,"column":2}},"5":{"start":{"line":8,"column":18},"end":{"line":11,"column":4}},"6":{"start":{"line":12,"column":24},"end":{"line":12,"column":62}},"7":{"start":{"line":12,"column":48},"end":{"line":12,"column":61}},"8":{"start":{"line":13,"column":2},"end":{"line":13,"column":51}},"9":{"start":{"line":16,"column":0},"end":{"line":16,"column":29}}},"fnMap":{"0":{"name":"(anonymous_7)","decl":{"start":{"line":7,"column":23},"end":{"line":7,"column":30}},"loc":{"start":{"line":7,"column":62},"end":{"line":14,"column":2}}},"1":{"name":"(anonymous_8)","decl":{"start":{"line":7,"column":62},"end":{"line":7,"column":null}},"loc":{"start":{"line":7,"column":62},"end":{"line":14,"column":1}}},"2":{"name":"(anonymous_9)","decl":{"start":{"line":12,"column":36},"end":{"line":12,"column":37}},"loc":{"start":{"line":12,"column":48},"end":{"line":12,"column":61}}}},"branchMap":{},"s":{"0":1,"1":1,"2":1,"3":1,"4":1,"5":1,"6":1,"7":19,"8":1,"9":1},"f":{"0":1,"1":1,"2":19},"b":{}}
,"/Users/user/Documents/IT/PettersonApps/Test projects/Front Row Labs LLC/backend/src/routes/reviews/index.ts": {"path":"/Users/user/Documents/IT/PettersonApps/Test projects/Front Row Labs LLC/backend/src/routes/reviews/index.ts","statementMap":{"0":{"start":{"line":1,"column":0},"end":{"line":1,"column":67}},"1":{"start":{"line":2,"column":0},"end":{"line":2,"column":73}},"2":{"start":{"line":3,"column":0},"end":{"line":3,"column":37}},"3":{"start":{"line":5,"column":21},"end":{"line":5,"column":37}},"4":{"start":{"line":8,"column":17},"end":{"line":8,"column":38}},"5":{"start":{"line":9,"column":2},"end":{"line":12,"column":3}},"6":{"start":{"line":10,"column":4},"end":{"line":10,"column":53}},"7":{"start":{"line":11,"column":4},"end":{"line":11,"column":11}},"8":{"start":{"line":13,"column":2},"end":{"line":13,"column":9}},"9":{"start":{"line":17,"column":0},"end":{"line":37,"column":2}},"10":{"start":{"line":26,"column":40},"end":{"line":36,"column":null}},"11":{"start":{"line":27,"column":4},"end":{"line":35,"column":5}},"12":{"start":{"line":28,"column":49},"end":{"line":28,"column":57}},"13":{"start":{"line":29,"column":21},"end":{"line":31,"column":8}},"14":{"start":{"line":32,"column":6},"end":{"line":32,"column":35}},"15":{"start":{"line":34,"column":6},"end":{"line":34,"column":65}},"16":{"start":{"line":40,"column":0},"end":{"line":72,"column":2}},"17":{"start":{"line":50,"column":40},"end":{"line":71,"column":null}},"18":{"start":{"line":51,"column":4},"end":{"line":70,"column":5}},"19":{"start":{"line":52,"column":67},"end":{"line":52,"column":76}},"20":{"start":{"line":53,"column":19},"end":{"line":53,"column":57}},"21":{"start":{"line":54,"column":19},"end":{"line":54,"column":36}},"22":{"start":{"line":55,"column":25},"end":{"line":55,"column":27}},"23":{"start":{"line":57,"column":6},"end":{"line":57,"column":43}},"24":{"start":{"line":57,"column":18},"end":{"line":57,"column":43}},"25":{"start":{"line":58,"column":6},"end":{"line":58,"column":51}},"26":{"start":{"line":58,"column":18},"end":{"line":58,"column":51}},"27":{"start":{"line":59,"column":6},"end":{"line":59,"column":56}},"28":{"start":{"line":59,"column":18},"end":{"line":59,"column":56}},"29":{"start":{"line":60,"column":22},"end":{"line":64,"column":8}},"30":{"start":{"line":65,"column":20},"end":{"line":65,"column":56}},"31":{"start":{"line":67,"column":6},"end":{"line":67,"column":53}},"32":{"start":{"line":69,"column":6},"end":{"line":69,"column":65}},"33":{"start":{"line":75,"column":0},"end":{"line":96,"column":2}},"34":{"start":{"line":79,"column":40},"end":{"line":95,"column":null}},"35":{"start":{"line":80,"column":4},"end":{"line":94,"column":5}},"36":{"start":{"line":81,"column":21},"end":{"line":81,"column":31}},"37":{"start":{"line":82,"column":21},"end":{"line":84,"column":8}},"38":{"start":{"line":86,"column":6},"end":{"line":89,"column":7}},"39":{"start":{"line":87,"column":8},"end":{"line":87,"column":60}},"40":{"start":{"line":88,"column":8},"end":{"line":88,"column":15}},"41":{"start":{"line":91,"column":6},"end":{"line":91,"column":35}},"42":{"start":{"line":93,"column":6},"end":{"line":93,"column":64}},"43":{"start":{"line":99,"column":0},"end":{"line":128,"column":2}},"44":{"start":{"line":108,"column":40},"end":{"line":127,"column":null}},"45":{"start":{"line":109,"column":4},"end":{"line":126,"column":5}},"46":{"start":{"line":110,"column":21},"end":{"line":110,"column":31}},"47":{"start":{"line":111,"column":49},"end":{"line":111,"column":57}},"48":{"start":{"line":112,"column":31},"end":{"line":112,"column":65}},"49":{"start":{"line":114,"column":6},"end":{"line":116,"column":9}},"50":{"start":{"line":115,"column":8},"end":{"line":115,"column":68}},"51":{"start":{"line":115,"column":44},"end":{"line":115,"column":68}},"52":{"start":{"line":118,"column":21},"end":{"line":121,"column":8}},"53":{"start":{"line":123,"column":6},"end":{"line":123,"column":35}},"54":{"start":{"line":125,"column":6},"end":{"line":125,"column":65}},"55":{"start":{"line":131,"column":0},"end":{"line":146,"column":2}},"56":{"start":{"line":135,"column":40},"end":{"line":145,"column":null}},"57":{"start":{"line":136,"column":4},"end":{"line":144,"column":5}},"58":{"start":{"line":137,"column":21},"end":{"line":137,"column":31}},"59":{"start":{"line":138,"column":6},"end":{"line":140,"column":9}},"60":{"start":{"line":141,"column":6},"end":{"line":141,"column":29}},"61":{"start":{"line":143,"column":6},"end":{"line":143,"column":65}},"62":{"start":{"line":148,"column":0},"end":{"line":148,"column":28}}},"fnMap":{"0":{"name":"handleValidationErrors","decl":{"start":{"line":7,"column":9},"end":{"line":7,"column":31}},"loc":{"start":{"line":7,"column":79},"end":{"line":14,"column":1}}},"1":{"name":"(anonymous_9)","decl":{"start":{"line":26,"column":2},"end":{"line":26,"column":9}},"loc":{"start":{"line":26,"column":40},"end":{"line":36,"column":null}}},"2":{"name":"(anonymous_10)","decl":{"start":{"line":26,"column":40},"end":{"line":26,"column":null}},"loc":{"start":{"line":26,"column":40},"end":{"line":36,"column":3}}},"3":{"name":"(anonymous_11)","decl":{"start":{"line":50,"column":2},"end":{"line":50,"column":9}},"loc":{"start":{"line":50,"column":40},"end":{"line":71,"column":null}}},"4":{"name":"(anonymous_12)","decl":{"start":{"line":50,"column":40},"end":{"line":50,"column":null}},"loc":{"start":{"line":50,"column":40},"end":{"line":71,"column":3}}},"5":{"name":"(anonymous_13)","decl":{"start":{"line":79,"column":2},"end":{"line":79,"column":9}},"loc":{"start":{"line":79,"column":40},"end":{"line":95,"column":null}}},"6":{"name":"(anonymous_14)","decl":{"start":{"line":79,"column":40},"end":{"line":79,"column":null}},"loc":{"start":{"line":79,"column":40},"end":{"line":95,"column":3}}},"7":{"name":"(anonymous_15)","decl":{"start":{"line":108,"column":2},"end":{"line":108,"column":9}},"loc":{"start":{"line":108,"column":40},"end":{"line":127,"column":null}}},"8":{"name":"(anonymous_16)","decl":{"start":{"line":108,"column":40},"end":{"line":108,"column":null}},"loc":{"start":{"line":108,"column":40},"end":{"line":127,"column":3}}},"9":{"name":"(anonymous_17)","decl":{"start":{"line":114,"column":39},"end":{"line":114,"column":40}},"loc":{"start":{"line":114,"column":47},"end":{"line":116,"column":7}}},"10":{"name":"(anonymous_18)","decl":{"start":{"line":135,"column":2},"end":{"line":135,"column":9}},"loc":{"start":{"line":135,"column":40},"end":{"line":145,"column":null}}},"11":{"name":"(anonymous_19)","decl":{"start":{"line":135,"column":40},"end":{"line":135,"column":null}},"loc":{"start":{"line":135,"column":40},"end":{"line":145,"column":3}}}},"branchMap":{"0":{"loc":{"start":{"line":9,"column":2},"end":{"line":12,"column":3}},"type":"if","locations":[{"start":{"line":9,"column":2},"end":{"line":12,"column":3}}]},"1":{"loc":{"start":{"line":52,"column":14},"end":{"line":52,"column":22}},"type":"default-arg","locations":[{"start":{"line":52,"column":21},"end":{"line":52,"column":22}}]},"2":{"loc":{"start":{"line":52,"column":24},"end":{"line":52,"column":38}},"type":"default-arg","locations":[{"start":{"line":52,"column":36},"end":{"line":52,"column":38}}]},"3":{"loc":{"start":{"line":57,"column":6},"end":{"line":57,"column":43}},"type":"if","locations":[{"start":{"line":57,"column":6},"end":{"line":57,"column":43}}]},"4":{"loc":{"start":{"line":58,"column":6},"end":{"line":58,"column":51}},"type":"if","locations":[{"start":{"line":58,"column":6},"end":{"line":58,"column":51}}]},"5":{"loc":{"start":{"line":59,"column":6},"end":{"line":59,"column":56}},"type":"if","locations":[{"start":{"line":59,"column":6},"end":{"line":59,"column":56}}]},"6":{"loc":{"start":{"line":86,"column":6},"end":{"line":89,"column":7}},"type":"if","locations":[{"start":{"line":86,"column":6},"end":{"line":89,"column":7}}]},"7":{"loc":{"start":{"line":115,"column":8},"end":{"line":115,"column":68}},"type":"if","locations":[{"start":{"line":115,"column":8},"end":{"line":115,"column":68}}]}},"s":{"0":1,"1":1,"2":1,"3":1,"4":3,"5":3,"6":0,"7":0,"8":3,"9":1,"10":0,"11":0,"12":0,"13":0,"14":0,"15":0,"16":1,"17":1,"18":1,"19":1,"20":1,"21":1,"22":1,"23":1,"24":0,"25":1,"26":0,"27":1,"28":0,"29":1,"30":1,"31":1,"32":0,"33":1,"34":1,"35":1,"36":1,"37":1,"38":1,"39":1,"40":1,"41":0,"42":0,"43":1,"44":0,"45":0,"46":0,"47":0,"48":0,"49":0,"50":0,"51":0,"52":0,"53":0,"54":0,"55":1,"56":1,"57":1,"58":1,"59":1,"60":0,"61":1,"62":1},"f":{"0":3,"1":0,"2":0,"3":1,"4":1,"5":1,"6":1,"7":0,"8":0,"9":0,"10":1,"11":1},"b":{"0":[0],"1":[1],"2":[1],"3":[0],"4":[0],"5":[0],"6":[1],"7":[0]}}
}
