TN:
SF:src/index.ts
FN:12,(anonymous_1)
FN:21,(anonymous_2)
FN:29,(anonymous_3)
FN:37,(anonymous_4)
FNF:4
FNH:2
FNDA:0,(anonymous_1)
FNDA:1,(anonymous_2)
FNDA:0,(anonymous_3)
FNDA:1,(anonymous_4)
DA:1,1
DA:2,1
DA:3,1
DA:4,1
DA:5,1
DA:6,1
DA:8,1
DA:9,1
DA:10,1
DA:12,1
DA:13,0
DA:15,1
DA:17,1
DA:18,1
DA:19,1
DA:21,1
DA:22,1
DA:29,1
DA:30,0
DA:37,1
DA:38,1
DA:41,1
LF:22
LH:20
BRDA:33,0,0,0
BRDA:33,0,1,0
BRF:2
BRH:0
end_of_record
TN:
SF:src/routes/authors/index.ts
FN:7,(anonymous_7)
FN:7,(anonymous_8)
FN:12,(anonymous_9)
FNF:3
FNH:3
FNDA:1,(anonymous_7)
FNDA:1,(anonymous_8)
FNDA:19,(anonymous_9)
DA:1,1
DA:2,1
DA:4,1
DA:7,1
DA:8,1
DA:12,19
DA:13,1
DA:16,1
LF:8
LH:8
BRF:0
BRH:0
end_of_record
TN:
SF:src/routes/reviews/index.ts
FN:7,handleValidationErrors
FN:26,(anonymous_9)
FN:26,(anonymous_10)
FN:50,(anonymous_11)
FN:50,(anonymous_12)
FN:79,(anonymous_13)
FN:79,(anonymous_14)
FN:108,(anonymous_15)
FN:108,(anonymous_16)
FN:114,(anonymous_17)
FN:135,(anonymous_18)
FN:135,(anonymous_19)
FNF:12
FNH:7
FNDA:3,handleValidationErrors
FNDA:0,(anonymous_9)
FNDA:0,(anonymous_10)
FNDA:1,(anonymous_11)
FNDA:1,(anonymous_12)
FNDA:1,(anonymous_13)
FNDA:1,(anonymous_14)
FNDA:0,(anonymous_15)
FNDA:0,(anonymous_16)
FNDA:0,(anonymous_17)
FNDA:1,(anonymous_18)
FNDA:1,(anonymous_19)
DA:1,1
DA:2,1
DA:3,1
DA:5,1
DA:8,3
DA:9,3
DA:10,0
DA:11,0
DA:13,3
DA:17,1
DA:26,0
DA:27,0
DA:28,0
DA:29,0
DA:32,0
DA:34,0
DA:40,1
DA:50,1
DA:51,1
DA:52,1
DA:53,1
DA:54,1
DA:55,1
DA:57,1
DA:58,1
DA:59,1
DA:60,1
DA:65,1
DA:67,1
DA:69,0
DA:75,1
DA:79,1
DA:80,1
DA:81,1
DA:82,1
DA:86,1
DA:87,1
DA:88,1
DA:91,0
DA:93,0
DA:99,1
DA:108,0
DA:109,0
DA:110,0
DA:111,0
DA:112,0
DA:114,0
DA:115,0
DA:118,0
DA:123,0
DA:125,0
DA:131,1
DA:135,1
DA:136,1
DA:137,1
DA:138,1
DA:141,0
DA:143,1
DA:148,1
LF:59
LH:37
BRDA:9,0,0,0
BRDA:52,1,0,1
BRDA:52,2,0,1
BRDA:57,3,0,0
BRDA:58,4,0,0
BRDA:59,5,0,0
BRDA:86,6,0,1
BRDA:115,7,0,0
BRF:8
BRH:3
end_of_record
